<?xml version="1.0" encoding="UTF-8"?>
<!-- Generated by org.testng.reporters.JUnitReportReporter -->
<testsuite hostname="DESKTOP-0QO367I" failures="0" tests="1" name="datadriven.ExcelDatadrive" time="1.119" errors="0" timestamp="2023-12-31T15:30:00 IST" skipped="0">
  <testcase classname="datadriven.ExcelDatadrive" name="Exceldataread" time="1.119"/>
  <system-out/>
</testsuite> <!-- datadriven.ExcelDatadrive -->
