<?xml version="1.0" encoding="UTF-8"?>
<!-- Generated by org.testng.reporters.JUnitReportReporter -->
<testsuite hostname="DESKTOP-0QO367I" failures="0" tests="3" name="OrangeHRMTestCases.OrangeHRMTest" time="2.227" errors="0" timestamp="2023-12-26T19:30:58 IST" skipped="0">
  <testcase classname="OrangeHRMTestCases.OrangeHRMTest" name="Url" time="0.033"/>
  <system-out/>
  <testcase classname="OrangeHRMTestCases.OrangeHRMTest" name="title" time="0.057"/>
  <system-out/>
  <testcase classname="OrangeHRMTestCases.OrangeHRMTest" name="login" time="2.137"/>
  <system-out/>
</testsuite> <!-- OrangeHRMTestCases.OrangeHRMTest -->
