<?xml version="1.0" encoding="UTF-8"?>
<!-- Generated by org.testng.reporters.JUnitReportReporter -->
<testsuite hostname="DESKTOP-0QO367I" failures="0" tests="3" name="CustomerServicetestCases.LoginPage" time="1.693" errors="0" timestamp="2023-12-26T21:03:16 IST" skipped="0">
  <testcase classname="CustomerServicetestCases.LoginPage" name="Verifyurl" time="0.028"/>
  <system-out/>
  <testcase classname="CustomerServicetestCases.LoginPage" name="Title" time="0.030"/>
  <system-out/>
  <testcase classname="CustomerServicetestCases.LoginPage" name="Login" time="1.635"/>
  <system-out/>
</testsuite> <!-- CustomerServicetestCases.LoginPage -->
